0 verbose cli /opt/conda/bin/node /opt/conda/bin/npm
1 info using npm@10.1.0
2 info using node@v20.9.0
3 timing npm:load:whichnode Completed in 1ms
4 timing config:load:defaults Completed in 1ms
5 timing config:load:file:/opt/conda/lib/node_modules/npm/npmrc Completed in 1ms
6 timing config:load:builtin Completed in 1ms
7 timing config:load:cli Completed in 1ms
8 timing config:load:env Completed in 0ms
9 timing config:load:file:/home/jovyan/ghlfinal-main/ghlfinal-main/.npmrc Completed in 0ms
10 timing config:load:project Completed in 3ms
11 timing config:load:file:/home/jovyan/.npmrc Completed in 0ms
12 timing config:load:user Completed in 0ms
13 timing config:load:file:/opt/conda/etc/npmrc Completed in 0ms
14 timing config:load:global Completed in 0ms
15 timing config:load:setEnvs Completed in 1ms
16 timing config:load Completed in 8ms
17 timing npm:load:configload Completed in 9ms
18 timing config:load:flatten Completed in 2ms
19 timing npm:load:mkdirpcache Completed in 0ms
20 timing npm:load:mkdirplogs Completed in 0ms
21 verbose title npm install sonner ai date-fns
22 verbose argv "install" "sonner" "ai" "date-fns"
23 timing npm:load:setTitle Completed in 1ms
24 timing npm:load:display Completed in 0ms
25 verbose logfile logs-max:10 dir:/home/jovyan/.npm/_logs/2025-01-11T04_47_28_389Z-
26 verbose logfile /home/jovyan/.npm/_logs/2025-01-11T04_47_28_389Z-debug-0.log
27 timing npm:load:logFile Completed in 7ms
28 timing npm:load:timers Completed in 0ms
29 timing npm:load:configScope Completed in 0ms
30 timing npm:load Completed in 30ms
31 timing arborist:ctor Completed in 1ms
32 timing idealTree:init Completed in 34ms
33 timing idealTree:userRequests Completed in 1ms
34 silly idealTree buildDeps
35 silly fetch manifest sonner@*
36 silly logfile done cleaning log files
37 timing arborist:ctor Completed in 1ms
38 http fetch GET 200 https://registry.npmjs.org/sonner 137ms (cache miss)
39 silly fetch manifest react@^18.2.0
40 http fetch GET 200 https://registry.npmjs.org/react 11ms (cache hit)
41 silly fetch manifest react-dom@^18.2.0
42 http fetch GET 200 https://registry.npmjs.org/react-dom 8ms (cache hit)
43 silly fetch manifest ai@*
44 http fetch GET 200 https://registry.npmjs.org/ai 73ms (cache miss)
45 silly fetch manifest zod@^3.0.0
46 http fetch GET 200 https://registry.npmjs.org/zod 59ms (cache miss)
47 silly fetch manifest date-fns@*
48 http fetch GET 200 https://registry.npmjs.org/date-fns 35ms (cache miss)
49 silly placeDep ROOT ai@4.0.33 OK for: ghlfinal-fresh@0.1.0 want: *
50 silly fetch manifest @ai-sdk/provider@1.0.4
51 silly fetch manifest @ai-sdk/provider-utils@2.0.7
52 silly fetch manifest @ai-sdk/react@1.0.9
53 silly fetch manifest @ai-sdk/ui-utils@1.0.8
54 silly fetch manifest jsondiffpatch@0.6.0
55 silly fetch manifest zod-to-json-schema@^3.23.5
56 silly placeDep ROOT date-fns@4.1.0 OK for: ghlfinal-fresh@0.1.0 want: *
57 silly placeDep ROOT sonner@1.7.1 OK for: ghlfinal-fresh@0.1.0 want: *
58 http fetch GET 200 https://registry.npmjs.org/jsondiffpatch 85ms (cache miss)
59 http fetch GET 200 https://registry.npmjs.org/@ai-sdk%2fprovider 118ms (cache miss)
60 http fetch GET 200 https://registry.npmjs.org/zod-to-json-schema 126ms (cache miss)
61 http fetch GET 200 https://registry.npmjs.org/@ai-sdk%2fprovider-utils 181ms (cache miss)
62 http fetch GET 200 https://registry.npmjs.org/@ai-sdk%2fui-utils 181ms (cache miss)
63 http fetch GET 200 https://registry.npmjs.org/@ai-sdk%2freact 187ms (cache miss)
64 timing idealTree:#root Completed in 578ms
65 silly fetch manifest react@^18 || ^19 || ^19.0.0-rc
66 silly placeDep ROOT @ai-sdk/provider@1.0.4 OK for: ai@4.0.33 want: 1.0.4
67 silly fetch manifest json-schema@^0.4.0
68 silly placeDep ROOT @ai-sdk/provider-utils@2.0.7 OK for: ai@4.0.33 want: 2.0.7
69 silly fetch manifest eventsource-parser@^3.0.0
70 silly fetch manifest nanoid@^3.3.8
71 silly fetch manifest secure-json-parse@^2.7.0
72 silly placeDep ROOT @ai-sdk/react@1.0.9 OK for: ai@4.0.33 want: 1.0.9
73 silly fetch manifest swr@^2.2.5
74 silly fetch manifest throttleit@2.1.0
75 silly placeDep ROOT @ai-sdk/ui-utils@1.0.8 OK for: ai@4.0.33 want: 1.0.8
76 silly placeDep ROOT jsondiffpatch@0.6.0 OK for: ai@4.0.33 want: 0.6.0
77 silly fetch manifest @types/diff-match-patch@^1.0.36
78 silly fetch manifest chalk@^5.3.0
79 silly fetch manifest diff-match-patch@^1.0.5
80 silly placeDep ROOT zod-to-json-schema@3.24.1 OK for: ai@4.0.33 want: ^3.23.5
81 silly placeDep ROOT zod@3.24.1 OK for: zod-to-json-schema@3.24.1 want: ^3.24.1
82 http fetch GET 200 https://registry.npmjs.org/throttleit 46ms (cache miss)
83 http fetch GET 200 https://registry.npmjs.org/json-schema 59ms (cache miss)
84 http fetch GET 200 https://registry.npmjs.org/swr 62ms (cache miss)
85 http fetch GET 200 https://registry.npmjs.org/nanoid 73ms (cache miss)
86 http fetch GET 200 https://registry.npmjs.org/eventsource-parser 78ms (cache miss)
87 http fetch GET 200 https://registry.npmjs.org/secure-json-parse 95ms (cache miss)
88 http fetch GET 200 https://registry.npmjs.org/chalk 89ms (cache miss)
89 http fetch GET 200 https://registry.npmjs.org/diff-match-patch 94ms (cache miss)
90 http fetch GET 200 https://registry.npmjs.org/@types%2fdiff-match-patch 645ms (cache miss)
91 timing idealTree:node_modules/ai Completed in 658ms
92 silly placeDep ROOT json-schema@0.4.0 OK for: @ai-sdk/provider@1.0.4 want: ^0.4.0
93 timing idealTree:node_modules/@ai-sdk/provider Completed in 1ms
94 silly placeDep ROOT eventsource-parser@3.0.0 OK for: @ai-sdk/provider-utils@2.0.7 want: ^3.0.0
95 silly placeDep ROOT nanoid@3.3.8 OK for: @ai-sdk/provider-utils@2.0.7 want: ^3.3.8
96 silly placeDep ROOT secure-json-parse@2.7.0 OK for: @ai-sdk/provider-utils@2.0.7 want: ^2.7.0
97 timing idealTree:node_modules/@ai-sdk/provider-utils Completed in 4ms
98 silly placeDep ROOT swr@2.3.0 OK for: @ai-sdk/react@1.0.9 want: ^2.2.5
99 silly fetch manifest dequal@^2.0.3
100 silly fetch manifest use-sync-external-store@^1.4.0
101 silly placeDep ROOT throttleit@2.1.0 OK for: @ai-sdk/react@1.0.9 want: 2.1.0
102 http fetch GET 200 https://registry.npmjs.org/dequal 37ms (cache miss)
103 http fetch GET 200 https://registry.npmjs.org/use-sync-external-store 87ms (cache miss)
104 timing idealTree:node_modules/@ai-sdk/react Completed in 97ms
105 timing idealTree:node_modules/@ai-sdk/ui-utils Completed in 0ms
106 timing idealTree:node_modules/date-fns Completed in 0ms
107 timing idealTree:node_modules/eventsource-parser Completed in 0ms
108 timing idealTree:node_modules/json-schema Completed in 0ms
109 silly placeDep ROOT @types/diff-match-patch@1.0.36 OK for: jsondiffpatch@0.6.0 want: ^1.0.36
110 silly placeDep ROOT chalk@5.4.1 OK for: jsondiffpatch@0.6.0 want: ^5.3.0
111 silly placeDep ROOT diff-match-patch@1.0.5 OK for: jsondiffpatch@0.6.0 want: ^1.0.5
112 timing idealTree:node_modules/jsondiffpatch Completed in 3ms
113 timing idealTree:node_modules/@types/diff-match-patch Completed in 0ms
114 timing idealTree:node_modules/chalk Completed in 0ms
115 timing idealTree:node_modules/diff-match-patch Completed in 0ms
116 timing idealTree:node_modules/nanoid Completed in 0ms
117 timing idealTree:node_modules/secure-json-parse Completed in 0ms
118 timing idealTree:node_modules/sonner Completed in 0ms
119 silly fetch manifest react@^16.11.0 || ^17.0.0 || ^18.0.0 || ^19.0.0
120 silly placeDep ROOT dequal@2.0.3 OK for: swr@2.3.0 want: ^2.0.3
121 silly placeDep ROOT use-sync-external-store@1.4.0 OK for: swr@2.3.0 want: ^1.4.0
122 timing idealTree:node_modules/swr Completed in 5ms
123 timing idealTree:node_modules/dequal Completed in 0ms
124 timing idealTree:node_modules/throttleit Completed in 0ms
125 timing idealTree:node_modules/use-sync-external-store Completed in 0ms
126 timing idealTree:node_modules/zod Completed in 0ms
127 timing idealTree:node_modules/zod-to-json-schema Completed in 1ms
128 timing idealTree:buildDeps Completed in 1347ms
129 timing idealTree:fixDepFlags Completed in 0ms
130 timing idealTree Completed in 1384ms
131 timing reify:loadTrees Completed in 1385ms
132 timing reify:diffTrees Completed in 2ms
133 silly reify mark retired [
133 silly reify   '/home/jovyan/ghlfinal-main/ghlfinal-main/node_modules/next/node_modules/nanoid',
133 silly reify   '/home/jovyan/ghlfinal-main/ghlfinal-main/node_modules/next/node_modules/.bin/nanoid'
133 silly reify ]
134 silly reify moves {
134 silly reify   '/home/jovyan/ghlfinal-main/ghlfinal-main/node_modules/next/node_modules/nanoid': '/home/jovyan/ghlfinal-main/ghlfinal-main/node_modules/next/node_modules/.nanoid-p03yYlac',
134 silly reify   '/home/jovyan/ghlfinal-main/ghlfinal-main/node_modules/next/node_modules/.bin/nanoid': '/home/jovyan/ghlfinal-main/ghlfinal-main/node_modules/next/node_modules/.bin/.nanoid-dbXFLwDn'
134 silly reify }
135 timing reify:retireShallow Completed in 2ms
136 timing reify:createSparse Completed in 8ms
137 timing reify:loadBundles Completed in 0ms
138 silly audit bulk request {
138 silly audit   '@emnapi/runtime': [ '1.3.1' ],
138 silly audit   '@img/sharp-darwin-arm64': [ '0.33.5' ],
138 silly audit   '@img/sharp-darwin-x64': [ '0.33.5' ],
138 silly audit   '@img/sharp-libvips-darwin-arm64': [ '1.0.4' ],
138 silly audit   '@img/sharp-libvips-darwin-x64': [ '1.0.4' ],
138 silly audit   '@img/sharp-libvips-linux-arm': [ '1.0.5' ],
138 silly audit   '@img/sharp-libvips-linux-arm64': [ '1.0.4' ],
138 silly audit   '@img/sharp-libvips-linux-s390x': [ '1.0.4' ],
138 silly audit   '@img/sharp-libvips-linux-x64': [ '1.0.4' ],
138 silly audit   '@img/sharp-libvips-linuxmusl-arm64': [ '1.0.4' ],
138 silly audit   '@img/sharp-libvips-linuxmusl-x64': [ '1.0.4' ],
138 silly audit   '@img/sharp-linux-arm': [ '0.33.5' ],
138 silly audit   '@img/sharp-linux-arm64': [ '0.33.5' ],
138 silly audit   '@img/sharp-linux-s390x': [ '0.33.5' ],
138 silly audit   '@img/sharp-linux-x64': [ '0.33.5' ],
138 silly audit   '@img/sharp-linuxmusl-arm64': [ '0.33.5' ],
138 silly audit   '@img/sharp-linuxmusl-x64': [ '0.33.5' ],
138 silly audit   '@img/sharp-wasm32': [ '0.33.5' ],
138 silly audit   '@img/sharp-win32-ia32': [ '0.33.5' ],
138 silly audit   '@img/sharp-win32-x64': [ '0.33.5' ],
138 silly audit   '@next/env': [ '15.2.0-canary.4' ],
138 silly audit   '@next/swc-darwin-arm64': [ '15.2.0-canary.4' ],
138 silly audit   '@next/swc-darwin-x64': [ '15.2.0-canary.4' ],
138 silly audit   '@next/swc-linux-arm64-gnu': [ '15.2.0-canary.4' ],
138 silly audit   '@next/swc-linux-arm64-musl': [ '15.2.0-canary.4' ],
138 silly audit   '@next/swc-linux-x64-gnu': [ '15.2.0-canary.4' ],
138 silly audit   '@next/swc-linux-x64-musl': [ '15.2.0-canary.4' ],
138 silly audit   '@next/swc-win32-arm64-msvc': [ '15.2.0-canary.4' ],
138 silly audit   '@next/swc-win32-x64-msvc': [ '15.2.0-canary.4' ],
138 silly audit   '@opentelemetry/api': [ '1.9.0' ],
138 silly audit   '@swc/counter': [ '0.1.3' ],
138 silly audit   '@swc/helpers': [ '0.5.15' ],
138 silly audit   '@types/node': [ '20.17.12' ],
138 silly audit   '@types/prop-types': [ '15.7.14' ],
138 silly audit   '@types/react': [ '18.3.18' ],
138 silly audit   busboy: [ '1.6.0' ],
138 silly audit   'caniuse-lite': [ '1.0.30001692' ],
138 silly audit   'client-only': [ '0.0.1' ],
138 silly audit   color: [ '4.2.3' ],
138 silly audit   'color-convert': [ '2.0.1' ],
138 silly audit   'color-name': [ '1.1.4' ],
138 silly audit   'color-string': [ '1.9.1' ],
138 silly audit   csstype: [ '3.1.3' ],
138 silly audit   'detect-libc': [ '2.0.3' ],
138 silly audit   'is-arrayish': [ '0.3.2' ],
138 silly audit   'js-tokens': [ '4.0.0' ],
138 silly audit   'loose-envify': [ '1.4.0' ],
138 silly audit   next: [ '15.2.0-canary.4' ],
138 silly audit   nanoid: [ '3.3.8' ],
138 silly audit   postcss: [ '8.4.31' ],
138 silly audit   picocolors: [ '1.1.1' ],
138 silly audit   react: [ '18.3.1' ],
138 silly audit   'react-dom': [ '18.3.1' ],
138 silly audit   scheduler: [ '0.23.2' ],
138 silly audit   semver: [ '7.6.3' ],
138 silly audit   sharp: [ '0.33.5' ],
138 silly audit   'simple-swizzle': [ '0.2.2' ],
138 silly audit   'source-map-js': [ '1.2.1' ],
138 silly audit   streamsearch: [ '1.1.0' ],
138 silly audit   'styled-jsx': [ '5.1.6' ],
138 silly audit   tslib: [ '2.8.1' ],
138 silly audit   typescript: [ '5.7.3' ],
138 silly audit   'undici-types': [ '6.19.8' ],
138 silly audit   ai: [ '4.0.33' ],
138 silly audit   'date-fns': [ '4.1.0' ],
138 silly audit   sonner: [ '1.7.1' ],
138 silly audit   '@ai-sdk/provider': [ '1.0.4' ],
138 silly audit   '@ai-sdk/provider-utils': [ '2.0.7' ],
138 silly audit   '@ai-sdk/react': [ '1.0.9' ],
138 silly audit   '@ai-sdk/ui-utils': [ '1.0.8' ],
138 silly audit   jsondiffpatch: [ '0.6.0' ],
138 silly audit   'zod-to-json-schema': [ '3.24.1' ],
138 silly audit   zod: [ '3.24.1' ],
138 silly audit   'json-schema': [ '0.4.0' ],
138 silly audit   'eventsource-parser': [ '3.0.0' ],
138 silly audit   'secure-json-parse': [ '2.7.0' ],
138 silly audit   swr: [ '2.3.0' ],
138 silly audit   throttleit: [ '2.1.0' ],
138 silly audit   '@types/diff-match-patch': [ '1.0.36' ],
138 silly audit   chalk: [ '5.4.1' ],
138 silly audit   'diff-match-patch': [ '1.0.5' ],
138 silly audit   dequal: [ '2.0.3' ],
138 silly audit   'use-sync-external-store': [ '1.4.0' ]
138 silly audit }
139 verbose reify failed optional dependency /home/jovyan/ghlfinal-main/ghlfinal-main/node_modules/@next/swc-win32-x64-msvc
140 silly reify mark deleted [
140 silly reify   '/home/jovyan/ghlfinal-main/ghlfinal-main/node_modules/@next/swc-win32-x64-msvc'
140 silly reify ]
141 verbose reify failed optional dependency /home/jovyan/ghlfinal-main/ghlfinal-main/node_modules/@next/swc-win32-arm64-msvc
142 silly reify mark deleted [
142 silly reify   '/home/jovyan/ghlfinal-main/ghlfinal-main/node_modules/@next/swc-win32-arm64-msvc'
142 silly reify ]
143 verbose reify failed optional dependency /home/jovyan/ghlfinal-main/ghlfinal-main/node_modules/@next/swc-linux-arm64-musl
144 silly reify mark deleted [
144 silly reify   '/home/jovyan/ghlfinal-main/ghlfinal-main/node_modules/@next/swc-linux-arm64-musl'
144 silly reify ]
145 verbose reify failed optional dependency /home/jovyan/ghlfinal-main/ghlfinal-main/node_modules/@next/swc-linux-arm64-gnu
146 silly reify mark deleted [
146 silly reify   '/home/jovyan/ghlfinal-main/ghlfinal-main/node_modules/@next/swc-linux-arm64-gnu'
146 silly reify ]
147 verbose reify failed optional dependency /home/jovyan/ghlfinal-main/ghlfinal-main/node_modules/@next/swc-darwin-x64
148 silly reify mark deleted [
148 silly reify   '/home/jovyan/ghlfinal-main/ghlfinal-main/node_modules/@next/swc-darwin-x64'
148 silly reify ]
149 verbose reify failed optional dependency /home/jovyan/ghlfinal-main/ghlfinal-main/node_modules/@next/swc-darwin-arm64
150 silly reify mark deleted [
150 silly reify   '/home/jovyan/ghlfinal-main/ghlfinal-main/node_modules/@next/swc-darwin-arm64'
150 silly reify ]
151 verbose reify failed optional dependency /home/jovyan/ghlfinal-main/ghlfinal-main/node_modules/@img/sharp-win32-x64
152 silly reify mark deleted [
152 silly reify   '/home/jovyan/ghlfinal-main/ghlfinal-main/node_modules/@img/sharp-win32-x64'
152 silly reify ]
153 verbose reify failed optional dependency /home/jovyan/ghlfinal-main/ghlfinal-main/node_modules/@img/sharp-win32-ia32
154 silly reify mark deleted [
154 silly reify   '/home/jovyan/ghlfinal-main/ghlfinal-main/node_modules/@img/sharp-win32-ia32'
154 silly reify ]
155 verbose reify failed optional dependency /home/jovyan/ghlfinal-main/ghlfinal-main/node_modules/@img/sharp-wasm32
156 silly reify mark deleted [
156 silly reify   '/home/jovyan/ghlfinal-main/ghlfinal-main/node_modules/@img/sharp-wasm32'
156 silly reify ]
157 verbose reify failed optional dependency /home/jovyan/ghlfinal-main/ghlfinal-main/node_modules/@emnapi/runtime
158 silly reify mark deleted [
158 silly reify   '/home/jovyan/ghlfinal-main/ghlfinal-main/node_modules/@emnapi/runtime'
158 silly reify ]
159 verbose reify failed optional dependency /home/jovyan/ghlfinal-main/ghlfinal-main/node_modules/@img/sharp-linuxmusl-arm64
160 silly reify mark deleted [
160 silly reify   '/home/jovyan/ghlfinal-main/ghlfinal-main/node_modules/@img/sharp-linuxmusl-arm64'
160 silly reify ]
161 verbose reify failed optional dependency /home/jovyan/ghlfinal-main/ghlfinal-main/node_modules/@img/sharp-linux-s390x
162 silly reify mark deleted [
162 silly reify   '/home/jovyan/ghlfinal-main/ghlfinal-main/node_modules/@img/sharp-linux-s390x'
162 silly reify ]
163 verbose reify failed optional dependency /home/jovyan/ghlfinal-main/ghlfinal-main/node_modules/@img/sharp-linux-arm64
164 silly reify mark deleted [
164 silly reify   '/home/jovyan/ghlfinal-main/ghlfinal-main/node_modules/@img/sharp-linux-arm64'
164 silly reify ]
165 verbose reify failed optional dependency /home/jovyan/ghlfinal-main/ghlfinal-main/node_modules/@img/sharp-linux-arm
166 silly reify mark deleted [
166 silly reify   '/home/jovyan/ghlfinal-main/ghlfinal-main/node_modules/@img/sharp-linux-arm'
166 silly reify ]
167 verbose reify failed optional dependency /home/jovyan/ghlfinal-main/ghlfinal-main/node_modules/@img/sharp-libvips-linuxmusl-arm64
168 silly reify mark deleted [
168 silly reify   '/home/jovyan/ghlfinal-main/ghlfinal-main/node_modules/@img/sharp-libvips-linuxmusl-arm64'
168 silly reify ]
169 verbose reify failed optional dependency /home/jovyan/ghlfinal-main/ghlfinal-main/node_modules/@img/sharp-libvips-linux-s390x
170 silly reify mark deleted [
170 silly reify   '/home/jovyan/ghlfinal-main/ghlfinal-main/node_modules/@img/sharp-libvips-linux-s390x'
170 silly reify ]
171 verbose reify failed optional dependency /home/jovyan/ghlfinal-main/ghlfinal-main/node_modules/@img/sharp-libvips-linux-arm64
172 silly reify mark deleted [
172 silly reify   '/home/jovyan/ghlfinal-main/ghlfinal-main/node_modules/@img/sharp-libvips-linux-arm64'
172 silly reify ]
173 verbose reify failed optional dependency /home/jovyan/ghlfinal-main/ghlfinal-main/node_modules/@img/sharp-libvips-linux-arm
174 silly reify mark deleted [
174 silly reify   '/home/jovyan/ghlfinal-main/ghlfinal-main/node_modules/@img/sharp-libvips-linux-arm'
174 silly reify ]
175 verbose reify failed optional dependency /home/jovyan/ghlfinal-main/ghlfinal-main/node_modules/@img/sharp-libvips-darwin-x64
176 silly reify mark deleted [
176 silly reify   '/home/jovyan/ghlfinal-main/ghlfinal-main/node_modules/@img/sharp-libvips-darwin-x64'
176 silly reify ]
177 verbose reify failed optional dependency /home/jovyan/ghlfinal-main/ghlfinal-main/node_modules/@img/sharp-libvips-darwin-arm64
178 silly reify mark deleted [
178 silly reify   '/home/jovyan/ghlfinal-main/ghlfinal-main/node_modules/@img/sharp-libvips-darwin-arm64'
178 silly reify ]
179 verbose reify failed optional dependency /home/jovyan/ghlfinal-main/ghlfinal-main/node_modules/@img/sharp-darwin-x64
180 silly reify mark deleted [
180 silly reify   '/home/jovyan/ghlfinal-main/ghlfinal-main/node_modules/@img/sharp-darwin-x64'
180 silly reify ]
181 verbose reify failed optional dependency /home/jovyan/ghlfinal-main/ghlfinal-main/node_modules/@img/sharp-darwin-arm64
182 silly reify mark deleted [
182 silly reify   '/home/jovyan/ghlfinal-main/ghlfinal-main/node_modules/@img/sharp-darwin-arm64'
182 silly reify ]
183 timing reifyNode:node_modules/@next/swc-win32-x64-msvc Completed in 7ms
184 timing reifyNode:node_modules/@next/swc-win32-arm64-msvc Completed in 7ms
185 timing reifyNode:node_modules/@next/swc-linux-arm64-musl Completed in 7ms
186 timing reifyNode:node_modules/@next/swc-linux-arm64-gnu Completed in 7ms
187 timing reifyNode:node_modules/@next/swc-darwin-x64 Completed in 7ms
188 timing reifyNode:node_modules/@next/swc-darwin-arm64 Completed in 7ms
189 timing reifyNode:node_modules/@img/sharp-win32-x64 Completed in 7ms
190 timing reifyNode:node_modules/@img/sharp-win32-ia32 Completed in 7ms
191 timing reifyNode:node_modules/@img/sharp-wasm32 Completed in 7ms
192 timing reifyNode:node_modules/@img/sharp-linuxmusl-arm64 Completed in 8ms
193 timing reifyNode:node_modules/@img/sharp-linux-s390x Completed in 8ms
194 timing reifyNode:node_modules/@img/sharp-linux-arm64 Completed in 8ms
195 timing reifyNode:node_modules/@img/sharp-linux-arm Completed in 8ms
196 timing reifyNode:node_modules/@img/sharp-libvips-linuxmusl-arm64 Completed in 8ms
197 timing reifyNode:node_modules/@img/sharp-libvips-linux-s390x Completed in 8ms
198 timing reifyNode:node_modules/@img/sharp-libvips-linux-arm64 Completed in 8ms
199 timing reifyNode:node_modules/@img/sharp-libvips-linux-arm Completed in 8ms
200 timing reifyNode:node_modules/@img/sharp-libvips-darwin-x64 Completed in 8ms
201 timing reifyNode:node_modules/@img/sharp-libvips-darwin-arm64 Completed in 8ms
202 timing reifyNode:node_modules/@img/sharp-darwin-x64 Completed in 8ms
203 timing reifyNode:node_modules/@img/sharp-darwin-arm64 Completed in 8ms
204 silly tarball no local data for use-sync-external-store@https://registry.npmjs.org/use-sync-external-store/-/use-sync-external-store-1.4.0.tgz. Extracting by manifest.
205 silly tarball no local data for dequal@https://registry.npmjs.org/dequal/-/dequal-2.0.3.tgz. Extracting by manifest.
206 silly tarball no local data for diff-match-patch@https://registry.npmjs.org/diff-match-patch/-/diff-match-patch-1.0.5.tgz. Extracting by manifest.
207 silly tarball no local data for chalk@https://registry.npmjs.org/chalk/-/chalk-5.4.1.tgz. Extracting by manifest.
208 silly tarball no local data for throttleit@https://registry.npmjs.org/throttleit/-/throttleit-2.1.0.tgz. Extracting by manifest.
209 silly tarball no local data for swr@https://registry.npmjs.org/swr/-/swr-2.3.0.tgz. Extracting by manifest.
210 silly tarball no local data for secure-json-parse@https://registry.npmjs.org/secure-json-parse/-/secure-json-parse-2.7.0.tgz. Extracting by manifest.
211 silly tarball no local data for @types/diff-match-patch@https://registry.npmjs.org/@types/diff-match-patch/-/diff-match-patch-1.0.36.tgz. Extracting by manifest.
212 silly tarball no local data for eventsource-parser@https://registry.npmjs.org/eventsource-parser/-/eventsource-parser-3.0.0.tgz. Extracting by manifest.
213 silly tarball no local data for json-schema@https://registry.npmjs.org/json-schema/-/json-schema-0.4.0.tgz. Extracting by manifest.
214 silly tarball no local data for zod@https://registry.npmjs.org/zod/-/zod-3.24.1.tgz. Extracting by manifest.
215 silly tarball no local data for zod-to-json-schema@https://registry.npmjs.org/zod-to-json-schema/-/zod-to-json-schema-3.24.1.tgz. Extracting by manifest.
216 silly tarball no local data for jsondiffpatch@https://registry.npmjs.org/jsondiffpatch/-/jsondiffpatch-0.6.0.tgz. Extracting by manifest.
217 silly tarball no local data for @ai-sdk/ui-utils@https://registry.npmjs.org/@ai-sdk/ui-utils/-/ui-utils-1.0.8.tgz. Extracting by manifest.
218 silly tarball no local data for @ai-sdk/react@https://registry.npmjs.org/@ai-sdk/react/-/react-1.0.9.tgz. Extracting by manifest.
219 silly tarball no local data for @ai-sdk/provider-utils@https://registry.npmjs.org/@ai-sdk/provider-utils/-/provider-utils-2.0.7.tgz. Extracting by manifest.
220 silly tarball no local data for @ai-sdk/provider@https://registry.npmjs.org/@ai-sdk/provider/-/provider-1.0.4.tgz. Extracting by manifest.
221 silly tarball no local data for sonner@https://registry.npmjs.org/sonner/-/sonner-1.7.1.tgz. Extracting by manifest.
222 silly tarball no local data for ai@https://registry.npmjs.org/ai/-/ai-4.0.33.tgz. Extracting by manifest.
223 silly tarball no local data for date-fns@https://registry.npmjs.org/date-fns/-/date-fns-4.1.0.tgz. Extracting by manifest.
224 http fetch POST 200 https://registry.npmjs.org/-/npm/v1/security/advisories/bulk 100ms
225 timing auditReport:getReport Completed in 102ms
226 silly audit report {}
227 timing auditReport:init Completed in 0ms
228 timing reify:audit Completed in 103ms
229 http fetch GET 200 https://registry.npmjs.org/dequal/-/dequal-2.0.3.tgz 99ms (cache miss)
230 timing reifyNode:node_modules/dequal Completed in 114ms
231 http fetch GET 200 https://registry.npmjs.org/throttleit/-/throttleit-2.1.0.tgz 104ms (cache miss)
232 timing reifyNode:node_modules/throttleit Completed in 120ms
233 http fetch GET 200 https://registry.npmjs.org/use-sync-external-store/-/use-sync-external-store-1.4.0.tgz 110ms (cache miss)
234 timing reifyNode:node_modules/use-sync-external-store Completed in 125ms
235 http fetch GET 200 https://registry.npmjs.org/@types/diff-match-patch/-/diff-match-patch-1.0.36.tgz 109ms (cache miss)
236 timing reifyNode:node_modules/@types/diff-match-patch Completed in 127ms
237 http fetch GET 200 https://registry.npmjs.org/secure-json-parse/-/secure-json-parse-2.7.0.tgz 110ms (cache miss)
238 timing reifyNode:node_modules/nanoid Completed in 131ms
239 timing reifyNode:node_modules/secure-json-parse Completed in 132ms
240 http fetch GET 200 https://registry.npmjs.org/diff-match-patch/-/diff-match-patch-1.0.5.tgz 124ms (cache miss)
241 timing reifyNode:node_modules/diff-match-patch Completed in 139ms
242 http fetch GET 200 https://registry.npmjs.org/chalk/-/chalk-5.4.1.tgz 133ms (cache miss)
243 timing reifyNode:node_modules/chalk Completed in 148ms
244 http fetch GET 200 https://registry.npmjs.org/json-schema/-/json-schema-0.4.0.tgz 139ms (cache miss)
245 timing reifyNode:node_modules/json-schema Completed in 157ms
246 timing reifyNode:node_modules/@emnapi/runtime Completed in 160ms
247 http fetch GET 200 https://registry.npmjs.org/@ai-sdk/react/-/react-1.0.9.tgz 192ms (cache miss)
248 timing reifyNode:node_modules/@ai-sdk/react Completed in 213ms
249 http fetch GET 200 https://registry.npmjs.org/sonner/-/sonner-1.7.1.tgz 196ms (cache miss)
250 timing reifyNode:node_modules/sonner Completed in 218ms
251 http fetch GET 200 https://registry.npmjs.org/eventsource-parser/-/eventsource-parser-3.0.0.tgz 219ms (cache miss)
252 timing reifyNode:node_modules/eventsource-parser Completed in 236ms
253 http fetch GET 200 https://registry.npmjs.org/swr/-/swr-2.3.0.tgz 224ms (cache miss)
254 timing reifyNode:node_modules/swr Completed in 240ms
255 http fetch GET 200 https://registry.npmjs.org/@ai-sdk/provider/-/provider-1.0.4.tgz 219ms (cache miss)
256 timing reifyNode:node_modules/@ai-sdk/provider Completed in 242ms
257 http fetch GET 200 https://registry.npmjs.org/@ai-sdk/ui-utils/-/ui-utils-1.0.8.tgz 225ms (cache miss)
258 timing reifyNode:node_modules/@ai-sdk/ui-utils Completed in 245ms
259 http fetch GET 200 https://registry.npmjs.org/jsondiffpatch/-/jsondiffpatch-0.6.0.tgz 226ms (cache miss)
260 timing reifyNode:node_modules/jsondiffpatch Completed in 248ms
261 http fetch GET 200 https://registry.npmjs.org/zod/-/zod-3.24.1.tgz 248ms (cache miss)
262 timing reifyNode:node_modules/zod Completed in 267ms
263 http fetch GET 200 https://registry.npmjs.org/zod-to-json-schema/-/zod-to-json-schema-3.24.1.tgz 260ms (cache miss)
264 timing reifyNode:node_modules/zod-to-json-schema Completed in 279ms
265 http fetch GET 200 https://registry.npmjs.org/ai/-/ai-4.0.33.tgz 265ms (cache miss)
266 timing reifyNode:node_modules/ai Completed in 288ms
267 http fetch GET 200 https://registry.npmjs.org/@ai-sdk/provider-utils/-/provider-utils-2.0.7.tgz 291ms (cache miss)
268 timing reifyNode:node_modules/@ai-sdk/provider-utils Completed in 312ms
269 http fetch GET 200 https://registry.npmjs.org/date-fns/-/date-fns-4.1.0.tgz 787ms (cache miss)
270 timing reifyNode:node_modules/date-fns Completed in 811ms
271 timing reify:unpack Completed in 812ms
272 timing reify:unretire Completed in 1ms
273 timing build:queue Completed in 1ms
274 timing build:link:node_modules/jsondiffpatch Completed in 2ms
275 timing build:link:node_modules/nanoid Completed in 1ms
276 timing build:link Completed in 2ms
277 timing build:deps Completed in 4ms
278 timing build Completed in 4ms
279 timing reify:build Completed in 4ms
280 timing reify:trash Completed in 3ms
281 timing reify:save Completed in 24ms
282 timing reify Completed in 2258ms
283 silly ADD node_modules/use-sync-external-store
284 silly ADD node_modules/dequal
285 silly ADD node_modules/diff-match-patch
286 silly ADD node_modules/chalk
287 silly ADD node_modules/@types/diff-match-patch
288 silly ADD node_modules/throttleit
289 silly ADD node_modules/swr
290 silly ADD node_modules/secure-json-parse
291 silly ADD node_modules/nanoid
292 silly ADD node_modules/eventsource-parser
293 silly ADD node_modules/json-schema
294 silly ADD node_modules/zod
295 silly ADD node_modules/zod-to-json-schema
296 silly ADD node_modules/jsondiffpatch
297 silly ADD node_modules/@ai-sdk/ui-utils
298 silly ADD node_modules/@ai-sdk/react
299 silly ADD node_modules/@ai-sdk/provider-utils
300 silly ADD node_modules/@ai-sdk/provider
301 silly ADD node_modules/sonner
302 silly ADD node_modules/date-fns
303 silly ADD node_modules/ai
304 silly ADD
305 silly ADD
306 silly ADD
307 silly ADD
308 silly ADD
309 silly ADD
310 silly ADD
311 silly ADD
312 silly ADD
313 silly ADD
314 silly ADD
315 silly ADD
316 silly ADD
317 silly ADD
318 silly ADD
319 silly ADD
320 silly ADD
321 silly ADD
322 silly ADD
323 silly ADD
324 silly ADD
325 silly ADD
326 silly REMOVE node_modules/next/node_modules/nanoid
327 timing command:install Completed in 2263ms
328 verbose exit 0
329 timing npm Completed in 2402ms
330 info ok
