0 verbose cli /opt/conda/bin/node /opt/conda/bin/npm
1 info using npm@10.1.0
2 info using node@v20.9.0
3 timing npm:load:whichnode Completed in 2ms
4 timing config:load:defaults Completed in 1ms
5 timing config:load:file:/opt/conda/lib/node_modules/npm/npmrc Completed in 1ms
6 timing config:load:builtin Completed in 1ms
7 timing config:load:cli Completed in 2ms
8 timing config:load:env Completed in 0ms
9 timing config:load:file:/home/jovyan/ghlfinal-main/ghlfinal-main/.npmrc Completed in 0ms
10 timing config:load:project Completed in 3ms
11 timing config:load:file:/home/jovyan/.npmrc Completed in 0ms
12 timing config:load:user Completed in 0ms
13 timing config:load:file:/opt/conda/etc/npmrc Completed in 1ms
14 timing config:load:global Completed in 1ms
15 timing config:load:setEnvs Completed in 0ms
16 timing config:load Completed in 8ms
17 timing npm:load:configload Completed in 8ms
18 timing config:load:flatten Completed in 2ms
19 timing npm:load:mkdirpcache Completed in 0ms
20 timing npm:load:mkdirplogs Completed in 0ms
21 verbose title npm install next@canary
22 verbose argv "install" "next@canary"
23 timing npm:load:setTitle Completed in 1ms
24 timing npm:load:display Completed in 0ms
25 verbose logfile logs-max:10 dir:/home/jovyan/.npm/_logs/2025-01-11T04_45_42_184Z-
26 verbose logfile /home/jovyan/.npm/_logs/2025-01-11T04_45_42_184Z-debug-0.log
27 timing npm:load:logFile Completed in 7ms
28 timing npm:load:timers Completed in 0ms
29 timing npm:load:configScope Completed in 0ms
30 timing npm:load Completed in 30ms
31 timing arborist:ctor Completed in 1ms
32 silly logfile done cleaning log files
33 timing idealTree:init Completed in 28ms
34 timing arborist:ctor Completed in 0ms
35 http fetch GET 200 https://registry.npmjs.org/next 359ms (cache updated)
36 timing idealTree:userRequests Completed in 567ms
37 silly idealTree buildDeps
38 silly fetch manifest next@15.2.0-canary.4
39 silly fetch manifest @opentelemetry/api@^1.1.0
40 http fetch GET 200 https://registry.npmjs.org/@opentelemetry%2fapi 59ms (cache updated)
41 silly fetch manifest @playwright/test@^1.41.2
42 http fetch GET 200 https://registry.npmjs.org/@playwright%2ftest 126ms (cache miss)
43 silly fetch manifest babel-plugin-react-compiler@*
44 http fetch GET 200 https://registry.npmjs.org/babel-plugin-react-compiler 43ms (cache miss)
45 silly fetch manifest react@^18.2.0
46 http fetch GET 200 https://registry.npmjs.org/react 102ms (cache updated)
47 silly fetch manifest react-dom@^18.2.0
48 http fetch GET 200 https://registry.npmjs.org/react-dom 129ms (cache updated)
49 silly fetch manifest sass@^1.3.0
50 http fetch GET 200 https://registry.npmjs.org/sass 47ms (cache updated)
51 silly placeDep ROOT next@15.2.0-canary.4 REPLACE for: ghlfinal-fresh@0.1.0 want: 15.2.0-canary.4
52 silly fetch manifest @next/env@15.2.0-canary.4
53 silly fetch manifest @swc/counter@0.1.3
54 silly fetch manifest @swc/helpers@0.5.15
55 silly fetch manifest styled-jsx@5.1.6
56 silly fetch manifest sharp@^0.33.5
57 silly fetch manifest @next/swc-darwin-arm64@15.2.0-canary.4
58 silly fetch manifest @next/swc-darwin-x64@15.2.0-canary.4
59 silly fetch manifest @next/swc-linux-arm64-gnu@15.2.0-canary.4
60 silly fetch manifest @next/swc-linux-arm64-musl@15.2.0-canary.4
61 silly fetch manifest @next/swc-linux-x64-gnu@15.2.0-canary.4
62 silly fetch manifest @next/swc-linux-x64-musl@15.2.0-canary.4
63 silly fetch manifest @next/swc-win32-arm64-msvc@15.2.0-canary.4
64 silly fetch manifest @next/swc-win32-x64-msvc@15.2.0-canary.4
65 http fetch GET 200 https://registry.npmjs.org/@swc%2fcounter 61ms (cache miss)
66 http fetch GET 200 https://registry.npmjs.org/styled-jsx 122ms (cache updated)
67 http fetch GET 200 https://registry.npmjs.org/sharp 144ms (cache miss)
68 http fetch GET 200 https://registry.npmjs.org/@swc%2fhelpers 151ms (cache updated)
69 http fetch GET 200 https://registry.npmjs.org/@next%2fswc-darwin-x64 234ms (cache updated)
70 http fetch GET 200 https://registry.npmjs.org/@next%2fswc-linux-x64-musl 244ms (cache updated)
71 http fetch GET 200 https://registry.npmjs.org/@next%2fswc-linux-arm64-musl 266ms (cache updated)
72 http fetch GET 200 https://registry.npmjs.org/@next%2fswc-linux-x64-gnu 273ms (cache updated)
73 http fetch GET 200 https://registry.npmjs.org/@next%2fswc-darwin-arm64 281ms (cache updated)
74 http fetch GET 200 https://registry.npmjs.org/@next%2fswc-win32-arm64-msvc 286ms (cache updated)
75 http fetch GET 200 https://registry.npmjs.org/@next%2fswc-win32-x64-msvc 300ms (cache updated)
76 http fetch GET 200 https://registry.npmjs.org/@next%2fswc-linux-arm64-gnu 309ms (cache updated)
77 http fetch GET 200 https://registry.npmjs.org/@next%2fenv 317ms (cache updated)
78 timing idealTree:#root Completed in 916ms
79 silly fetch manifest react@^18.2.0 || 19.0.0-rc-de68d2f4-20241204 || ^19.0.0
80 silly placeDep ROOT @next/env@15.2.0-canary.4 OK for: next@15.2.0-canary.4 want: 15.2.0-canary.4
81 silly placeDep ROOT @next/swc-darwin-arm64@15.2.0-canary.4 OK for: next@15.2.0-canary.4 want: 15.2.0-canary.4
82 silly placeDep ROOT @next/swc-darwin-x64@15.2.0-canary.4 OK for: next@15.2.0-canary.4 want: 15.2.0-canary.4
83 silly placeDep ROOT @next/swc-linux-arm64-gnu@15.2.0-canary.4 OK for: next@15.2.0-canary.4 want: 15.2.0-canary.4
84 silly placeDep ROOT @next/swc-linux-arm64-musl@15.2.0-canary.4 OK for: next@15.2.0-canary.4 want: 15.2.0-canary.4
85 silly placeDep ROOT @next/swc-linux-x64-gnu@15.2.0-canary.4 OK for: next@15.2.0-canary.4 want: 15.2.0-canary.4
86 silly placeDep ROOT @next/swc-linux-x64-musl@15.2.0-canary.4 OK for: next@15.2.0-canary.4 want: 15.2.0-canary.4
87 silly placeDep ROOT @next/swc-win32-arm64-msvc@15.2.0-canary.4 OK for: next@15.2.0-canary.4 want: 15.2.0-canary.4
88 silly placeDep ROOT @next/swc-win32-x64-msvc@15.2.0-canary.4 OK for: next@15.2.0-canary.4 want: 15.2.0-canary.4
89 silly placeDep ROOT @swc/counter@0.1.3 OK for: next@15.2.0-canary.4 want: 0.1.3
90 silly placeDep ROOT @swc/helpers@0.5.15 OK for: next@15.2.0-canary.4 want: 0.5.15
91 silly fetch manifest tslib@^2.8.0
92 silly placeDep ROOT sharp@0.33.5 OK for: next@15.2.0-canary.4 want: ^0.33.5
93 silly fetch manifest color@^4.2.3
94 silly fetch manifest semver@^7.6.3
95 silly fetch manifest detect-libc@^2.0.3
96 silly fetch manifest @img/sharp-wasm32@0.33.5
97 silly fetch manifest @img/sharp-linux-arm@0.33.5
98 silly fetch manifest @img/sharp-linux-x64@0.33.5
99 silly fetch manifest @img/sharp-win32-x64@0.33.5
100 silly fetch manifest @img/sharp-darwin-x64@0.33.5
101 silly fetch manifest @img/sharp-win32-ia32@0.33.5
102 silly fetch manifest @img/sharp-linux-arm64@0.33.5
103 silly fetch manifest @img/sharp-linux-s390x@0.33.5
104 silly fetch manifest @img/sharp-darwin-arm64@0.33.5
105 silly fetch manifest @img/sharp-linuxmusl-x64@0.33.5
106 silly fetch manifest @img/sharp-linuxmusl-arm64@0.33.5
107 silly fetch manifest @img/sharp-libvips-linux-arm@1.0.5
108 silly fetch manifest @img/sharp-libvips-linux-x64@1.0.4
109 silly fetch manifest @img/sharp-libvips-darwin-x64@1.0.4
110 silly fetch manifest @img/sharp-libvips-linux-arm64@1.0.4
111 silly fetch manifest @img/sharp-libvips-linux-s390x@1.0.4
112 silly fetch manifest @img/sharp-libvips-darwin-arm64@1.0.4
113 silly fetch manifest @img/sharp-libvips-linuxmusl-x64@1.0.4
114 silly fetch manifest @img/sharp-libvips-linuxmusl-arm64@1.0.4
115 silly placeDep ROOT styled-jsx@5.1.6 OK for: next@15.2.0-canary.4 want: 5.1.6
116 silly fetch manifest client-only@0.0.1
117 http fetch GET 200 https://registry.npmjs.org/tslib 110ms (cache miss)
118 http fetch GET 200 https://registry.npmjs.org/@img%2fsharp-wasm32 107ms (cache miss)
119 http fetch GET 200 https://registry.npmjs.org/color 111ms (cache miss)
120 http fetch GET 200 https://registry.npmjs.org/@img%2fsharp-linux-arm 108ms (cache miss)
121 http fetch GET 200 https://registry.npmjs.org/detect-libc 110ms (cache miss)
122 http fetch GET 200 https://registry.npmjs.org/@img%2fsharp-win32-ia32 106ms (cache miss)
123 http fetch GET 200 https://registry.npmjs.org/@img%2fsharp-linux-x64 108ms (cache miss)
124 http fetch GET 200 https://registry.npmjs.org/@img%2fsharp-linux-arm64 107ms (cache miss)
125 http fetch GET 200 https://registry.npmjs.org/@img%2fsharp-linux-s390x 106ms (cache miss)
126 http fetch GET 200 https://registry.npmjs.org/@img%2fsharp-win32-x64 108ms (cache miss)
127 http fetch GET 200 https://registry.npmjs.org/@img%2fsharp-darwin-arm64 107ms (cache miss)
128 http fetch GET 200 https://registry.npmjs.org/@img%2fsharp-darwin-x64 109ms (cache miss)
129 http fetch GET 200 https://registry.npmjs.org/semver 113ms (cache miss)
130 http fetch GET 200 https://registry.npmjs.org/@img%2fsharp-linuxmusl-x64 134ms (cache miss)
131 http fetch GET 200 https://registry.npmjs.org/client-only 125ms (cache updated)
132 http fetch GET 200 https://registry.npmjs.org/@img%2fsharp-libvips-linuxmusl-arm64 127ms (cache miss)
133 http fetch GET 200 https://registry.npmjs.org/@img%2fsharp-libvips-linux-s390x 139ms (cache miss)
134 http fetch GET 200 https://registry.npmjs.org/@img%2fsharp-libvips-linux-x64 140ms (cache miss)
135 http fetch GET 200 https://registry.npmjs.org/@img%2fsharp-libvips-linux-arm64 141ms (cache miss)
136 http fetch GET 200 https://registry.npmjs.org/@img%2fsharp-libvips-darwin-arm64 145ms (cache miss)
137 http fetch GET 200 https://registry.npmjs.org/@img%2fsharp-libvips-linuxmusl-x64 144ms (cache miss)
138 http fetch GET 200 https://registry.npmjs.org/@img%2fsharp-libvips-darwin-x64 148ms (cache miss)
139 http fetch GET 200 https://registry.npmjs.org/@img%2fsharp-libvips-linux-arm 158ms (cache miss)
140 http fetch GET 200 https://registry.npmjs.org/@img%2fsharp-linuxmusl-arm64 165ms (cache miss)
141 timing idealTree:node_modules/next Completed in 186ms
142 timing idealTree:node_modules/@next/env Completed in 0ms
143 timing idealTree:node_modules/@next/swc-darwin-arm64 Completed in 0ms
144 timing idealTree:node_modules/@next/swc-darwin-x64 Completed in 0ms
145 timing idealTree:node_modules/@next/swc-linux-arm64-gnu Completed in 0ms
146 timing idealTree:node_modules/@next/swc-linux-arm64-musl Completed in 0ms
147 timing idealTree:node_modules/@next/swc-linux-x64-gnu Completed in 0ms
148 timing idealTree:node_modules/@next/swc-linux-x64-musl Completed in 0ms
149 timing idealTree:node_modules/@next/swc-win32-arm64-msvc Completed in 0ms
150 timing idealTree:node_modules/@next/swc-win32-x64-msvc Completed in 0ms
151 timing idealTree:node_modules/@swc/counter Completed in 0ms
152 silly placeDep ROOT tslib@2.8.1 OK for: @swc/helpers@0.5.15 want: ^2.8.0
153 timing idealTree:node_modules/@swc/helpers Completed in 1ms
154 silly placeDep ROOT @img/sharp-darwin-arm64@0.33.5 OK for: sharp@0.33.5 want: 0.33.5
155 silly placeDep ROOT @img/sharp-darwin-x64@0.33.5 OK for: sharp@0.33.5 want: 0.33.5
156 silly placeDep ROOT @img/sharp-libvips-darwin-arm64@1.0.4 OK for: sharp@0.33.5 want: 1.0.4
157 silly placeDep ROOT @img/sharp-libvips-darwin-x64@1.0.4 OK for: sharp@0.33.5 want: 1.0.4
158 silly placeDep ROOT @img/sharp-libvips-linux-arm@1.0.5 OK for: sharp@0.33.5 want: 1.0.5
159 silly placeDep ROOT @img/sharp-libvips-linux-arm64@1.0.4 OK for: sharp@0.33.5 want: 1.0.4
160 silly placeDep ROOT @img/sharp-libvips-linux-s390x@1.0.4 OK for: sharp@0.33.5 want: 1.0.4
161 silly placeDep ROOT @img/sharp-libvips-linux-x64@1.0.4 OK for: sharp@0.33.5 want: 1.0.4
162 silly placeDep ROOT @img/sharp-libvips-linuxmusl-arm64@1.0.4 OK for: sharp@0.33.5 want: 1.0.4
163 silly placeDep ROOT @img/sharp-libvips-linuxmusl-x64@1.0.4 OK for: sharp@0.33.5 want: 1.0.4
164 silly placeDep ROOT @img/sharp-linux-arm@0.33.5 OK for: sharp@0.33.5 want: 0.33.5
165 silly placeDep ROOT @img/sharp-linux-arm64@0.33.5 OK for: sharp@0.33.5 want: 0.33.5
166 silly placeDep ROOT @img/sharp-linux-s390x@0.33.5 OK for: sharp@0.33.5 want: 0.33.5
167 silly placeDep ROOT @img/sharp-linux-x64@0.33.5 OK for: sharp@0.33.5 want: 0.33.5
168 silly placeDep ROOT @img/sharp-linuxmusl-arm64@0.33.5 OK for: sharp@0.33.5 want: 0.33.5
169 silly placeDep ROOT @img/sharp-linuxmusl-x64@0.33.5 OK for: sharp@0.33.5 want: 0.33.5
170 silly placeDep ROOT @img/sharp-wasm32@0.33.5 OK for: sharp@0.33.5 want: 0.33.5
171 silly fetch manifest @emnapi/runtime@^1.2.0
172 silly placeDep ROOT @img/sharp-win32-ia32@0.33.5 OK for: sharp@0.33.5 want: 0.33.5
173 silly placeDep ROOT @img/sharp-win32-x64@0.33.5 OK for: sharp@0.33.5 want: 0.33.5
174 silly placeDep ROOT color@4.2.3 OK for: sharp@0.33.5 want: ^4.2.3
175 silly fetch manifest color-convert@^2.0.1
176 silly fetch manifest color-string@^1.9.0
177 silly placeDep ROOT detect-libc@2.0.3 OK for: sharp@0.33.5 want: ^2.0.3
178 silly placeDep ROOT semver@7.6.3 OK for: sharp@0.33.5 want: ^7.6.3
179 http fetch GET 200 https://registry.npmjs.org/color-string 34ms (cache miss)
180 http fetch GET 200 https://registry.npmjs.org/color-convert 40ms (cache miss)
181 http fetch GET 200 https://registry.npmjs.org/@emnapi%2fruntime 64ms (cache miss)
182 timing idealTree:node_modules/sharp Completed in 77ms
183 timing idealTree:node_modules/@img/sharp-darwin-arm64 Completed in 0ms
184 timing idealTree:node_modules/@img/sharp-darwin-x64 Completed in 0ms
185 timing idealTree:node_modules/@img/sharp-libvips-darwin-arm64 Completed in 0ms
186 timing idealTree:node_modules/@img/sharp-libvips-darwin-x64 Completed in 0ms
187 timing idealTree:node_modules/@img/sharp-libvips-linux-arm Completed in 0ms
188 timing idealTree:node_modules/@img/sharp-libvips-linux-arm64 Completed in 0ms
189 timing idealTree:node_modules/@img/sharp-libvips-linux-s390x Completed in 0ms
190 timing idealTree:node_modules/@img/sharp-libvips-linux-x64 Completed in 0ms
191 timing idealTree:node_modules/@img/sharp-libvips-linuxmusl-arm64 Completed in 0ms
192 timing idealTree:node_modules/@img/sharp-libvips-linuxmusl-x64 Completed in 0ms
193 timing idealTree:node_modules/@img/sharp-linux-arm Completed in 0ms
194 timing idealTree:node_modules/@img/sharp-linux-arm64 Completed in 0ms
195 timing idealTree:node_modules/@img/sharp-linux-s390x Completed in 0ms
196 timing idealTree:node_modules/@img/sharp-linux-x64 Completed in 0ms
197 timing idealTree:node_modules/@img/sharp-linuxmusl-arm64 Completed in 0ms
198 timing idealTree:node_modules/@img/sharp-linuxmusl-x64 Completed in 0ms
199 silly placeDep ROOT @emnapi/runtime@1.3.1 OK for: @img/sharp-wasm32@0.33.5 want: ^1.2.0
200 timing idealTree:node_modules/@img/sharp-wasm32 Completed in 1ms
201 timing idealTree:node_modules/@emnapi/runtime Completed in 0ms
202 timing idealTree:node_modules/@img/sharp-win32-ia32 Completed in 0ms
203 timing idealTree:node_modules/@img/sharp-win32-x64 Completed in 0ms
204 silly placeDep ROOT color-convert@2.0.1 OK for: color@4.2.3 want: ^2.0.1
205 silly fetch manifest color-name@~1.1.4
206 silly placeDep ROOT color-string@1.9.1 OK for: color@4.2.3 want: ^1.9.0
207 silly fetch manifest color-name@^1.0.0
208 silly fetch manifest simple-swizzle@^0.2.2
209 http fetch GET 200 https://registry.npmjs.org/color-name 32ms (cache miss)
210 http fetch GET 200 https://registry.npmjs.org/color-name 33ms (cache miss)
211 http fetch GET 200 https://registry.npmjs.org/simple-swizzle 34ms (cache miss)
212 timing idealTree:node_modules/color Completed in 37ms
213 silly placeDep ROOT color-name@1.1.4 OK for: color-convert@2.0.1 want: ~1.1.4
214 timing idealTree:node_modules/color-convert Completed in 1ms
215 timing idealTree:node_modules/color-name Completed in 0ms
216 silly placeDep ROOT simple-swizzle@0.2.2 OK for: color-string@1.9.1 want: ^0.2.2
217 silly fetch manifest is-arrayish@^0.3.1
218 http fetch GET 200 https://registry.npmjs.org/is-arrayish 33ms (cache miss)
219 timing idealTree:node_modules/color-string Completed in 35ms
220 timing idealTree:node_modules/detect-libc Completed in 0ms
221 timing idealTree:node_modules/semver Completed in 0ms
222 silly placeDep ROOT is-arrayish@0.3.2 OK for: simple-swizzle@0.2.2 want: ^0.3.1
223 timing idealTree:node_modules/simple-swizzle Completed in 0ms
224 timing idealTree:node_modules/is-arrayish Completed in 0ms
225 silly placeDep ROOT client-only@0.0.1 OK for: styled-jsx@5.1.6 want: 0.0.1
226 timing idealTree:node_modules/styled-jsx Completed in 0ms
227 timing idealTree:node_modules/client-only Completed in 0ms
228 timing idealTree:node_modules/tslib Completed in 0ms
229 timing idealTree:buildDeps Completed in 1259ms
230 timing idealTree:fixDepFlags Completed in 1ms
231 timing idealTree Completed in 1857ms
232 timing reify:loadTrees Completed in 1857ms
233 timing reify:diffTrees Completed in 2ms
234 silly reify mark retired [ '/home/jovyan/ghlfinal-main/ghlfinal-main/node_modules/@next/env' ]
235 silly reify mark retired [
235 silly reify   '/home/jovyan/ghlfinal-main/ghlfinal-main/node_modules/@next/swc-linux-x64-gnu'
235 silly reify ]
236 silly reify mark retired [
236 silly reify   '/home/jovyan/ghlfinal-main/ghlfinal-main/node_modules/@next/swc-linux-x64-musl'
236 silly reify ]
237 silly reify mark retired [
237 silly reify   '/home/jovyan/ghlfinal-main/ghlfinal-main/node_modules/@swc/helpers'
237 silly reify ]
238 silly reify mark retired [
238 silly reify   '/home/jovyan/ghlfinal-main/ghlfinal-main/node_modules/glob-to-regexp'
238 silly reify ]
239 silly reify mark retired [ '/home/jovyan/ghlfinal-main/ghlfinal-main/node_modules/graceful-fs' ]
240 silly reify mark retired [
240 silly reify   '/home/jovyan/ghlfinal-main/ghlfinal-main/node_modules/next',
240 silly reify   '/home/jovyan/ghlfinal-main/ghlfinal-main/node_modules/.bin/next'
240 silly reify ]
241 silly reify mark retired [ '/home/jovyan/ghlfinal-main/ghlfinal-main/node_modules/styled-jsx' ]
242 silly reify mark retired [ '/home/jovyan/ghlfinal-main/ghlfinal-main/node_modules/watchpack' ]
243 silly reify moves {
243 silly reify   '/home/jovyan/ghlfinal-main/ghlfinal-main/node_modules/@next/env': '/home/jovyan/ghlfinal-main/ghlfinal-main/node_modules/@next/.env-wCyWmB2v',
243 silly reify   '/home/jovyan/ghlfinal-main/ghlfinal-main/node_modules/@next/swc-linux-x64-gnu': '/home/jovyan/ghlfinal-main/ghlfinal-main/node_modules/@next/.swc-linux-x64-gnu-nUy4dVES',
243 silly reify   '/home/jovyan/ghlfinal-main/ghlfinal-main/node_modules/@next/swc-linux-x64-musl': '/home/jovyan/ghlfinal-main/ghlfinal-main/node_modules/@next/.swc-linux-x64-musl-yewHwMr7',
243 silly reify   '/home/jovyan/ghlfinal-main/ghlfinal-main/node_modules/@swc/helpers': '/home/jovyan/ghlfinal-main/ghlfinal-main/node_modules/@swc/.helpers-39xRw8Md',
243 silly reify   '/home/jovyan/ghlfinal-main/ghlfinal-main/node_modules/glob-to-regexp': '/home/jovyan/ghlfinal-main/ghlfinal-main/node_modules/.glob-to-regexp-WMIe3gLr',
243 silly reify   '/home/jovyan/ghlfinal-main/ghlfinal-main/node_modules/graceful-fs': '/home/jovyan/ghlfinal-main/ghlfinal-main/node_modules/.graceful-fs-L8wIZyJA',
243 silly reify   '/home/jovyan/ghlfinal-main/ghlfinal-main/node_modules/next': '/home/jovyan/ghlfinal-main/ghlfinal-main/node_modules/.next-UHPEQMqP',
243 silly reify   '/home/jovyan/ghlfinal-main/ghlfinal-main/node_modules/.bin/next': '/home/jovyan/ghlfinal-main/ghlfinal-main/node_modules/.bin/.next-lLoEuHld',
243 silly reify   '/home/jovyan/ghlfinal-main/ghlfinal-main/node_modules/styled-jsx': '/home/jovyan/ghlfinal-main/ghlfinal-main/node_modules/.styled-jsx-XjtplU9t',
243 silly reify   '/home/jovyan/ghlfinal-main/ghlfinal-main/node_modules/watchpack': '/home/jovyan/ghlfinal-main/ghlfinal-main/node_modules/.watchpack-w6DQ7bHn'
243 silly reify }
244 timing reify:retireShallow Completed in 3ms
245 timing reify:createSparse Completed in 2ms
246 timing reify:loadBundles Completed in 0ms
247 silly audit bulk request {
247 silly audit   '@opentelemetry/api': [ '1.9.0' ],
247 silly audit   '@types/node': [ '20.17.12' ],
247 silly audit   '@types/prop-types': [ '15.7.14' ],
247 silly audit   '@types/react': [ '18.3.18' ],
247 silly audit   busboy: [ '1.6.0' ],
247 silly audit   'caniuse-lite': [ '1.0.30001692' ],
247 silly audit   csstype: [ '3.1.3' ],
247 silly audit   'js-tokens': [ '4.0.0' ],
247 silly audit   'loose-envify': [ '1.4.0' ],
247 silly audit   picocolors: [ '1.1.1' ],
247 silly audit   react: [ '18.3.1' ],
247 silly audit   'react-dom': [ '18.3.1' ],
247 silly audit   scheduler: [ '0.23.2' ],
247 silly audit   'source-map-js': [ '1.2.1' ],
247 silly audit   streamsearch: [ '1.1.0' ],
247 silly audit   typescript: [ '5.7.3' ],
247 silly audit   'undici-types': [ '6.19.8' ],
247 silly audit   next: [ '15.2.0-canary.4' ],
247 silly audit   nanoid: [ '3.3.8' ],
247 silly audit   postcss: [ '8.4.31' ],
247 silly audit   '@next/env': [ '15.2.0-canary.4' ],
247 silly audit   '@next/swc-darwin-arm64': [ '15.2.0-canary.4' ],
247 silly audit   '@next/swc-darwin-x64': [ '15.2.0-canary.4' ],
247 silly audit   '@next/swc-linux-arm64-gnu': [ '15.2.0-canary.4' ],
247 silly audit   '@next/swc-linux-arm64-musl': [ '15.2.0-canary.4' ],
247 silly audit   '@next/swc-linux-x64-gnu': [ '15.2.0-canary.4' ],
247 silly audit   '@next/swc-linux-x64-musl': [ '15.2.0-canary.4' ],
247 silly audit   '@next/swc-win32-arm64-msvc': [ '15.2.0-canary.4' ],
247 silly audit   '@next/swc-win32-x64-msvc': [ '15.2.0-canary.4' ],
247 silly audit   '@swc/counter': [ '0.1.3' ],
247 silly audit   '@swc/helpers': [ '0.5.15' ],
247 silly audit   sharp: [ '0.33.5' ],
247 silly audit   'styled-jsx': [ '5.1.6' ],
247 silly audit   tslib: [ '2.8.1' ],
247 silly audit   '@img/sharp-darwin-arm64': [ '0.33.5' ],
247 silly audit   '@img/sharp-darwin-x64': [ '0.33.5' ],
247 silly audit   '@img/sharp-libvips-darwin-arm64': [ '1.0.4' ],
247 silly audit   '@img/sharp-libvips-darwin-x64': [ '1.0.4' ],
247 silly audit   '@img/sharp-libvips-linux-arm': [ '1.0.5' ],
247 silly audit   '@img/sharp-libvips-linux-arm64': [ '1.0.4' ],
247 silly audit   '@img/sharp-libvips-linux-s390x': [ '1.0.4' ],
247 silly audit   '@img/sharp-libvips-linux-x64': [ '1.0.4' ],
247 silly audit   '@img/sharp-libvips-linuxmusl-arm64': [ '1.0.4' ],
247 silly audit   '@img/sharp-libvips-linuxmusl-x64': [ '1.0.4' ],
247 silly audit   '@img/sharp-linux-arm': [ '0.33.5' ],
247 silly audit   '@img/sharp-linux-arm64': [ '0.33.5' ],
247 silly audit   '@img/sharp-linux-s390x': [ '0.33.5' ],
247 silly audit   '@img/sharp-linux-x64': [ '0.33.5' ],
247 silly audit   '@img/sharp-linuxmusl-arm64': [ '0.33.5' ],
247 silly audit   '@img/sharp-linuxmusl-x64': [ '0.33.5' ],
247 silly audit   '@img/sharp-wasm32': [ '0.33.5' ],
247 silly audit   '@img/sharp-win32-ia32': [ '0.33.5' ],
247 silly audit   '@img/sharp-win32-x64': [ '0.33.5' ],
247 silly audit   color: [ '4.2.3' ],
247 silly audit   'detect-libc': [ '2.0.3' ],
247 silly audit   semver: [ '7.6.3' ],
247 silly audit   '@emnapi/runtime': [ '1.3.1' ],
247 silly audit   'color-convert': [ '2.0.1' ],
247 silly audit   'color-string': [ '1.9.1' ],
247 silly audit   'color-name': [ '1.1.4' ],
247 silly audit   'simple-swizzle': [ '0.2.2' ],
247 silly audit   'is-arrayish': [ '0.3.2' ],
247 silly audit   'client-only': [ '0.0.1' ]
247 silly audit }
248 verbose reify failed optional dependency /home/jovyan/ghlfinal-main/ghlfinal-main/node_modules/@img/sharp-win32-x64
249 silly reify mark deleted [
249 silly reify   '/home/jovyan/ghlfinal-main/ghlfinal-main/node_modules/@img/sharp-win32-x64'
249 silly reify ]
250 verbose reify failed optional dependency /home/jovyan/ghlfinal-main/ghlfinal-main/node_modules/@img/sharp-win32-ia32
251 silly reify mark deleted [
251 silly reify   '/home/jovyan/ghlfinal-main/ghlfinal-main/node_modules/@img/sharp-win32-ia32'
251 silly reify ]
252 verbose reify failed optional dependency /home/jovyan/ghlfinal-main/ghlfinal-main/node_modules/@img/sharp-wasm32
253 silly reify mark deleted [
253 silly reify   '/home/jovyan/ghlfinal-main/ghlfinal-main/node_modules/@img/sharp-wasm32'
253 silly reify ]
254 verbose reify failed optional dependency /home/jovyan/ghlfinal-main/ghlfinal-main/node_modules/@emnapi/runtime
255 silly reify mark deleted [
255 silly reify   '/home/jovyan/ghlfinal-main/ghlfinal-main/node_modules/@emnapi/runtime'
255 silly reify ]
256 verbose reify failed optional dependency /home/jovyan/ghlfinal-main/ghlfinal-main/node_modules/@img/sharp-linuxmusl-arm64
257 silly reify mark deleted [
257 silly reify   '/home/jovyan/ghlfinal-main/ghlfinal-main/node_modules/@img/sharp-linuxmusl-arm64'
257 silly reify ]
258 verbose reify failed optional dependency /home/jovyan/ghlfinal-main/ghlfinal-main/node_modules/@img/sharp-linux-s390x
259 silly reify mark deleted [
259 silly reify   '/home/jovyan/ghlfinal-main/ghlfinal-main/node_modules/@img/sharp-linux-s390x'
259 silly reify ]
260 verbose reify failed optional dependency /home/jovyan/ghlfinal-main/ghlfinal-main/node_modules/@img/sharp-linux-arm64
261 silly reify mark deleted [
261 silly reify   '/home/jovyan/ghlfinal-main/ghlfinal-main/node_modules/@img/sharp-linux-arm64'
261 silly reify ]
262 verbose reify failed optional dependency /home/jovyan/ghlfinal-main/ghlfinal-main/node_modules/@img/sharp-linux-arm
263 silly reify mark deleted [
263 silly reify   '/home/jovyan/ghlfinal-main/ghlfinal-main/node_modules/@img/sharp-linux-arm'
263 silly reify ]
264 verbose reify failed optional dependency /home/jovyan/ghlfinal-main/ghlfinal-main/node_modules/@img/sharp-libvips-linuxmusl-arm64
265 silly reify mark deleted [
265 silly reify   '/home/jovyan/ghlfinal-main/ghlfinal-main/node_modules/@img/sharp-libvips-linuxmusl-arm64'
265 silly reify ]
266 verbose reify failed optional dependency /home/jovyan/ghlfinal-main/ghlfinal-main/node_modules/@img/sharp-libvips-linux-s390x
267 silly reify mark deleted [
267 silly reify   '/home/jovyan/ghlfinal-main/ghlfinal-main/node_modules/@img/sharp-libvips-linux-s390x'
267 silly reify ]
268 verbose reify failed optional dependency /home/jovyan/ghlfinal-main/ghlfinal-main/node_modules/@img/sharp-libvips-linux-arm64
269 silly reify mark deleted [
269 silly reify   '/home/jovyan/ghlfinal-main/ghlfinal-main/node_modules/@img/sharp-libvips-linux-arm64'
269 silly reify ]
270 verbose reify failed optional dependency /home/jovyan/ghlfinal-main/ghlfinal-main/node_modules/@img/sharp-libvips-linux-arm
271 silly reify mark deleted [
271 silly reify   '/home/jovyan/ghlfinal-main/ghlfinal-main/node_modules/@img/sharp-libvips-linux-arm'
271 silly reify ]
272 verbose reify failed optional dependency /home/jovyan/ghlfinal-main/ghlfinal-main/node_modules/@img/sharp-libvips-darwin-x64
273 silly reify mark deleted [
273 silly reify   '/home/jovyan/ghlfinal-main/ghlfinal-main/node_modules/@img/sharp-libvips-darwin-x64'
273 silly reify ]
274 verbose reify failed optional dependency /home/jovyan/ghlfinal-main/ghlfinal-main/node_modules/@img/sharp-libvips-darwin-arm64
275 silly reify mark deleted [
275 silly reify   '/home/jovyan/ghlfinal-main/ghlfinal-main/node_modules/@img/sharp-libvips-darwin-arm64'
275 silly reify ]
276 verbose reify failed optional dependency /home/jovyan/ghlfinal-main/ghlfinal-main/node_modules/@img/sharp-darwin-x64
277 silly reify mark deleted [
277 silly reify   '/home/jovyan/ghlfinal-main/ghlfinal-main/node_modules/@img/sharp-darwin-x64'
277 silly reify ]
278 verbose reify failed optional dependency /home/jovyan/ghlfinal-main/ghlfinal-main/node_modules/@img/sharp-darwin-arm64
279 silly reify mark deleted [
279 silly reify   '/home/jovyan/ghlfinal-main/ghlfinal-main/node_modules/@img/sharp-darwin-arm64'
279 silly reify ]
280 verbose reify failed optional dependency /home/jovyan/ghlfinal-main/ghlfinal-main/node_modules/@next/swc-win32-x64-msvc
281 silly reify mark deleted [
281 silly reify   '/home/jovyan/ghlfinal-main/ghlfinal-main/node_modules/@next/swc-win32-x64-msvc'
281 silly reify ]
282 verbose reify failed optional dependency /home/jovyan/ghlfinal-main/ghlfinal-main/node_modules/@next/swc-win32-arm64-msvc
283 silly reify mark deleted [
283 silly reify   '/home/jovyan/ghlfinal-main/ghlfinal-main/node_modules/@next/swc-win32-arm64-msvc'
283 silly reify ]
284 verbose reify failed optional dependency /home/jovyan/ghlfinal-main/ghlfinal-main/node_modules/@next/swc-linux-arm64-musl
285 silly reify mark deleted [
285 silly reify   '/home/jovyan/ghlfinal-main/ghlfinal-main/node_modules/@next/swc-linux-arm64-musl'
285 silly reify ]
286 verbose reify failed optional dependency /home/jovyan/ghlfinal-main/ghlfinal-main/node_modules/@next/swc-linux-arm64-gnu
287 silly reify mark deleted [
287 silly reify   '/home/jovyan/ghlfinal-main/ghlfinal-main/node_modules/@next/swc-linux-arm64-gnu'
287 silly reify ]
288 verbose reify failed optional dependency /home/jovyan/ghlfinal-main/ghlfinal-main/node_modules/@next/swc-darwin-x64
289 silly reify mark deleted [
289 silly reify   '/home/jovyan/ghlfinal-main/ghlfinal-main/node_modules/@next/swc-darwin-x64'
289 silly reify ]
290 verbose reify failed optional dependency /home/jovyan/ghlfinal-main/ghlfinal-main/node_modules/@next/swc-darwin-arm64
291 silly reify mark deleted [
291 silly reify   '/home/jovyan/ghlfinal-main/ghlfinal-main/node_modules/@next/swc-darwin-arm64'
291 silly reify ]
292 timing reifyNode:node_modules/@img/sharp-win32-x64 Completed in 7ms
293 timing reifyNode:node_modules/@img/sharp-win32-ia32 Completed in 7ms
294 timing reifyNode:node_modules/@img/sharp-wasm32 Completed in 7ms
295 timing reifyNode:node_modules/@img/sharp-linuxmusl-arm64 Completed in 7ms
296 timing reifyNode:node_modules/@img/sharp-linux-s390x Completed in 8ms
297 timing reifyNode:node_modules/@img/sharp-linux-arm64 Completed in 8ms
298 timing reifyNode:node_modules/@img/sharp-linux-arm Completed in 8ms
299 timing reifyNode:node_modules/@img/sharp-libvips-linuxmusl-arm64 Completed in 8ms
300 timing reifyNode:node_modules/@img/sharp-libvips-linux-s390x Completed in 8ms
301 timing reifyNode:node_modules/@img/sharp-libvips-linux-arm64 Completed in 8ms
302 timing reifyNode:node_modules/@img/sharp-libvips-linux-arm Completed in 8ms
303 timing reifyNode:node_modules/@img/sharp-libvips-darwin-x64 Completed in 8ms
304 timing reifyNode:node_modules/@img/sharp-libvips-darwin-arm64 Completed in 8ms
305 timing reifyNode:node_modules/@img/sharp-darwin-x64 Completed in 8ms
306 timing reifyNode:node_modules/@img/sharp-darwin-arm64 Completed in 8ms
307 timing reifyNode:node_modules/@next/swc-win32-x64-msvc Completed in 8ms
308 timing reifyNode:node_modules/@next/swc-win32-arm64-msvc Completed in 8ms
309 timing reifyNode:node_modules/@next/swc-linux-arm64-musl Completed in 8ms
310 timing reifyNode:node_modules/@next/swc-linux-arm64-gnu Completed in 8ms
311 timing reifyNode:node_modules/@next/swc-darwin-x64 Completed in 8ms
312 timing reifyNode:node_modules/@next/swc-darwin-arm64 Completed in 8ms
313 silly tarball no local data for is-arrayish@https://registry.npmjs.org/is-arrayish/-/is-arrayish-0.3.2.tgz. Extracting by manifest.
314 silly tarball no local data for simple-swizzle@https://registry.npmjs.org/simple-swizzle/-/simple-swizzle-0.2.2.tgz. Extracting by manifest.
315 silly tarball no local data for color-name@https://registry.npmjs.org/color-name/-/color-name-1.1.4.tgz. Extracting by manifest.
316 silly tarball no local data for color-convert@https://registry.npmjs.org/color-convert/-/color-convert-2.0.1.tgz. Extracting by manifest.
317 silly tarball no local data for color-string@https://registry.npmjs.org/color-string/-/color-string-1.9.1.tgz. Extracting by manifest.
318 silly tarball no local data for @emnapi/runtime@https://registry.npmjs.org/@emnapi/runtime/-/runtime-1.3.1.tgz. Extracting by manifest.
319 silly tarball no local data for semver@https://registry.npmjs.org/semver/-/semver-7.6.3.tgz. Extracting by manifest.
320 silly tarball no local data for detect-libc@https://registry.npmjs.org/detect-libc/-/detect-libc-2.0.3.tgz. Extracting by manifest.
321 silly tarball no local data for color@https://registry.npmjs.org/color/-/color-4.2.3.tgz. Extracting by manifest.
322 silly tarball no local data for @img/sharp-linuxmusl-x64@https://registry.npmjs.org/@img/sharp-linuxmusl-x64/-/sharp-linuxmusl-x64-0.33.5.tgz. Extracting by manifest.
323 silly tarball no local data for @img/sharp-linux-x64@https://registry.npmjs.org/@img/sharp-linux-x64/-/sharp-linux-x64-0.33.5.tgz. Extracting by manifest.
324 silly tarball no local data for @img/sharp-libvips-linuxmusl-x64@https://registry.npmjs.org/@img/sharp-libvips-linuxmusl-x64/-/sharp-libvips-linuxmusl-x64-1.0.4.tgz. Extracting by manifest.
325 silly tarball no local data for sharp@https://registry.npmjs.org/sharp/-/sharp-0.33.5.tgz. Extracting by manifest.
326 silly tarball no local data for @swc/counter@https://registry.npmjs.org/@swc/counter/-/counter-0.1.3.tgz. Extracting by manifest.
327 silly tarball no local data for styled-jsx@https://registry.npmjs.org/styled-jsx/-/styled-jsx-5.1.6.tgz. Extracting by manifest.
328 silly tarball no local data for next@https://registry.npmjs.org/next/-/next-15.2.0-canary.4.tgz. Extracting by manifest.
329 silly tarball no local data for @img/sharp-libvips-linux-x64@https://registry.npmjs.org/@img/sharp-libvips-linux-x64/-/sharp-libvips-linux-x64-1.0.4.tgz. Extracting by manifest.
330 silly tarball no local data for @swc/helpers@https://registry.npmjs.org/@swc/helpers/-/helpers-0.5.15.tgz. Extracting by manifest.
331 silly tarball no local data for @next/swc-linux-x64-musl@https://registry.npmjs.org/@next/swc-linux-x64-musl/-/swc-linux-x64-musl-15.2.0-canary.4.tgz. Extracting by manifest.
332 silly tarball no local data for @next/swc-linux-x64-gnu@https://registry.npmjs.org/@next/swc-linux-x64-gnu/-/swc-linux-x64-gnu-15.2.0-canary.4.tgz. Extracting by manifest.
333 silly tarball no local data for @next/env@https://registry.npmjs.org/@next/env/-/env-15.2.0-canary.4.tgz. Extracting by manifest.
334 http fetch POST 200 https://registry.npmjs.org/-/npm/v1/security/advisories/bulk 114ms
335 timing auditReport:getReport Completed in 115ms
336 silly audit report {}
337 timing auditReport:init Completed in 0ms
338 timing reify:audit Completed in 116ms
339 http fetch GET 200 https://registry.npmjs.org/simple-swizzle/-/simple-swizzle-0.2.2.tgz 111ms (cache miss)
340 timing reifyNode:node_modules/simple-swizzle Completed in 129ms
341 http fetch GET 200 https://registry.npmjs.org/color-name/-/color-name-1.1.4.tgz 112ms (cache miss)
342 timing reifyNode:node_modules/color-name Completed in 129ms
343 http fetch GET 200 https://registry.npmjs.org/detect-libc/-/detect-libc-2.0.3.tgz 109ms (cache miss)
344 timing reifyNode:node_modules/detect-libc Completed in 128ms
345 http fetch GET 200 https://registry.npmjs.org/color-string/-/color-string-1.9.1.tgz 119ms (cache miss)
346 timing reifyNode:node_modules/color-string Completed in 136ms
347 http fetch GET 200 https://registry.npmjs.org/color/-/color-4.2.3.tgz 117ms (cache miss)
348 timing reifyNode:node_modules/color Completed in 136ms
349 http fetch GET 200 https://registry.npmjs.org/color-convert/-/color-convert-2.0.1.tgz 127ms (cache miss)
350 timing reifyNode:node_modules/color-convert Completed in 144ms
351 http fetch GET 200 https://registry.npmjs.org/is-arrayish/-/is-arrayish-0.3.2.tgz 136ms (cache miss)
352 timing reifyNode:node_modules/is-arrayish Completed in 153ms
353 http fetch GET 200 https://registry.npmjs.org/@swc/counter/-/counter-0.1.3.tgz 152ms (cache miss)
354 timing reifyNode:node_modules/@swc/counter Completed in 175ms
355 http fetch GET 200 https://registry.npmjs.org/@next/env/-/env-15.2.0-canary.4.tgz 181ms (cache miss)
356 timing reifyNode:node_modules/@next/env Completed in 216ms
357 http fetch GET 200 https://registry.npmjs.org/semver/-/semver-7.6.3.tgz 235ms (cache miss)
358 http fetch GET 200 https://registry.npmjs.org/@emnapi/runtime/-/runtime-1.3.1.tgz 235ms (cache miss)
359 timing reifyNode:node_modules/@emnapi/runtime Completed in 262ms
360 timing reifyNode:node_modules/semver Completed in 266ms
361 http fetch GET 200 https://registry.npmjs.org/@img/sharp-linux-x64/-/sharp-linux-x64-0.33.5.tgz 255ms (cache miss)
362 timing reifyNode:node_modules/@img/sharp-linux-x64 Completed in 276ms
363 http fetch GET 200 https://registry.npmjs.org/@img/sharp-linuxmusl-x64/-/sharp-linuxmusl-x64-0.33.5.tgz 261ms (cache miss)
364 timing reifyNode:node_modules/@img/sharp-linuxmusl-x64 Completed in 281ms
365 http fetch GET 200 https://registry.npmjs.org/sharp/-/sharp-0.33.5.tgz 385ms (cache miss)
366 timing reifyNode:node_modules/sharp Completed in 407ms
367 http fetch GET 200 https://registry.npmjs.org/styled-jsx/-/styled-jsx-5.1.6.tgz 400ms (cache miss)
368 timing reifyNode:node_modules/styled-jsx Completed in 423ms
369 http fetch GET 200 https://registry.npmjs.org/@swc/helpers/-/helpers-0.5.15.tgz 820ms (cache miss)
370 timing reifyNode:node_modules/@swc/helpers Completed in 846ms
371 http fetch GET 200 https://registry.npmjs.org/@img/sharp-libvips-linux-x64/-/sharp-libvips-linux-x64-1.0.4.tgz 1005ms (cache miss)
372 timing reifyNode:node_modules/@img/sharp-libvips-linux-x64 Completed in 1029ms
373 http fetch GET 200 https://registry.npmjs.org/@img/sharp-libvips-linuxmusl-x64/-/sharp-libvips-linuxmusl-x64-1.0.4.tgz 1008ms (cache miss)
374 timing reifyNode:node_modules/@img/sharp-libvips-linuxmusl-x64 Completed in 1029ms
375 http fetch GET 200 https://registry.npmjs.org/@next/swc-linux-x64-gnu/-/swc-linux-x64-gnu-15.2.0-canary.4.tgz 3477ms (cache miss)
376 timing reifyNode:node_modules/@next/swc-linux-x64-gnu Completed in 3513ms
377 http fetch GET 200 https://registry.npmjs.org/@next/swc-linux-x64-musl/-/swc-linux-x64-musl-15.2.0-canary.4.tgz 3876ms (cache miss)
378 timing reifyNode:node_modules/@next/swc-linux-x64-musl Completed in 3901ms
379 http fetch GET 200 https://registry.npmjs.org/next/-/next-15.2.0-canary.4.tgz 5174ms (cache miss)
380 timing reifyNode:node_modules/next Completed in 5197ms
381 timing reify:unpack Completed in 5198ms
382 timing reify:unretire Completed in 2ms
383 timing build:queue Completed in 2ms
384 timing build:link:node_modules/next Completed in 1ms
385 timing build:link:node_modules/semver Completed in 1ms
386 timing build:link Completed in 2ms
387 info run sharp@0.33.5 install node_modules/sharp node install/check
388 info run sharp@0.33.5 install { code: 0, signal: null }
389 timing build:run:install:node_modules/sharp Completed in 122ms
390 timing build:run:install Completed in 122ms
391 timing build:deps Completed in 126ms
392 timing build Completed in 126ms
393 timing reify:build Completed in 126ms
394 timing reify:trash Completed in 89ms
395 timing reify:save Completed in 19ms
396 timing reify Completed in 7312ms
397 silly ADD node_modules/is-arrayish
398 silly ADD node_modules/simple-swizzle
399 silly ADD node_modules/color-name
400 silly ADD node_modules/color-string
401 silly ADD node_modules/color-convert
402 silly ADD
403 silly ADD node_modules/semver
404 silly ADD node_modules/detect-libc
405 silly ADD node_modules/color
406 silly ADD
407 silly ADD
408 silly ADD
409 silly ADD node_modules/@img/sharp-linuxmusl-x64
410 silly ADD
411 silly ADD node_modules/@img/sharp-linux-x64
412 silly ADD
413 silly ADD
414 silly ADD
415 silly ADD node_modules/@img/sharp-libvips-linuxmusl-x64
416 silly ADD
417 silly ADD node_modules/@img/sharp-libvips-linux-x64
418 silly ADD
419 silly ADD
420 silly ADD
421 silly ADD
422 silly ADD
423 silly ADD
424 silly ADD
425 silly ADD node_modules/sharp
426 silly ADD node_modules/@swc/counter
427 silly ADD
428 silly ADD
429 silly ADD
430 silly ADD
431 silly ADD
432 silly ADD
433 silly REMOVE node_modules/watchpack
434 silly CHANGE node_modules/styled-jsx
435 silly CHANGE node_modules/next
436 silly REMOVE node_modules/graceful-fs
437 silly REMOVE node_modules/glob-to-regexp
438 silly CHANGE node_modules/@swc/helpers
439 silly CHANGE node_modules/@next/swc-linux-x64-musl
440 silly CHANGE node_modules/@next/swc-linux-x64-gnu
441 silly CHANGE node_modules/@next/env
442 timing command:install Completed in 7316ms
443 verbose exit 0
444 timing npm Completed in 7456ms
445 info ok
